<?xml version="1.0" encoding="UTF-8"?>
<testng-results skipped="0" failed="0" ignored="0" total="1" passed="1">
  <reporter-output>
  </reporter-output>
  <suite name="Default suite" duration-ms="3442" started-at="2021-01-27T20:36:19 IST" finished-at="2021-01-27T20:36:22 IST">
    <groups>
    </groups>
    <test name="Default test" duration-ms="3442" started-at="2021-01-27T20:36:19 IST" finished-at="2021-01-27T20:36:22 IST">
      <class name="com.extentreports.tests.ExtentReports_5_Customised_And_List">
        <test-method status="PASS" signature="extentTest()[pri:0, instance:com.extentreports.tests.ExtentReports_5_Customised_And_List@5a1c0542]" name="extentTest" duration-ms="3198" started-at="2021-01-27T20:36:19 IST" finished-at="2021-01-27T20:36:22 IST">
          <reporter-output>
          </reporter-output>
        </test-method> <!-- extentTest -->
      </class> <!-- com.extentreports.tests.ExtentReports_5_Customised_And_List -->
    </test> <!-- Default test -->
  </suite> <!-- Default suite -->
</testng-results>
